#
# A fatal error has been detected by the Java Runtime Environment:
#
#  SIGBUS (0xa) at pc=0x0000000103fd6a90, pid=59922, tid=48131
#
# JRE version: Java(TM) SE Runtime Environment (11.0.1+13) (build 11.0.1+13-LTS)
# Java VM: Java HotSpot(TM) 64-Bit Server VM (11.0.1+13-LTS, mixed mode, tiered, compressed oops, parallel gc, bsd-amd64)
# Problematic frame:
# V  [libjvm.dylib+0x3a0a90]  InterpreterRuntime::throw_ArrayIndexOutOfBoundsException(JavaThread*, arrayOopDesc*, int)+0x86
#
# No core dump will be written. Core dumps have been disabled. To enable core dumping, try "ulimit -c unlimited" before starting Java again
#
# If you would like to submit a bug report, please visit:
#   http://bugreport.java.com/bugreport/crash.jsp
#

---------------  S U M M A R Y ------------

Command Line: --add-modules=ALL-SYSTEM --add-opens=java.base/java.util=ALL-UNNAMED --add-opens=java.base/java.lang=ALL-UNNAMED -Declipse.application=org.eclipse.jdt.ls.core.id1 -Dosgi.bundles.defaultStartLevel=4 -Declipse.product=org.eclipse.jdt.ls.core.product -Djava.import.generatesMetadataFilesAtProjectRoot=false -Dfile.encoding=utf8 -XX:+UseParallelGC -XX:GCTimeRatio=4 -XX:AdaptiveSizePolicyWeight=90 -Dsun.zip.disableMemoryMapping=true -Xmx1G -Xms100m -Xverify:none /Users/varunthiruvadi/.vscode/extensions/redhat.java-1.1.0/server/plugins/org.eclipse.equinox.launcher_1.6.400.v20210924-0641.jar -configuration /Users/varunthiruvadi/Library/Application Support/Code/User/globalStorage/redhat.java/1.1.0/config_ss_mac -data /Users/varunthiruvadi/Library/Application Support/Code/User/workspaceStorage/7e7f525230acfd98bd792247d8e13537/redhat.java/ss_ws

Host: MacBookPro16,1 x86_64 2600 MHz, 12 cores, 16G, Darwin 20.6.0
Time: Thu Jan 20 09:25:36 2022 PST elapsed time: 3 seconds (0d 0h 0m 3s)

---------------  T H R E A D  ---------------

Current thread (0x00007f96a81e0000):  JavaThread "pool-1-thread-1" [_thread_in_vm, id=48131, stack(0x000070000815e000,0x000070000825e000)]

Stack: [0x000070000815e000,0x000070000825e000],  sp=0x000070000825c090,  free space=1016k
Native frames: (J=compiled Java code, A=aot compiled Java code, j=interpreted, Vv=VM code, C=native code)
V  [libjvm.dylib+0x3a0a90]  InterpreterRuntime::throw_ArrayIndexOutOfBoundsException(JavaThread*, arrayOopDesc*, int)+0x86
j  org.eclipse.jdt.internal.compiler.parser.Scanner.getNextToken0()I+93
j  org.eclipse.jdt.internal.compiler.parser.Scanner.getNextToken()I+47
j  org.eclipse.jdt.internal.compiler.parser.Parser.fetchNextToken()I+4
j  org.eclipse.jdt.internal.compiler.parser.Parser.parse()V+329
j  org.eclipse.jdt.internal.compiler.parser.Parser.parse(Lorg/eclipse/jdt/internal/compiler/env/ICompilationUnit;Lorg/eclipse/jdt/internal/compiler/CompilationResult;II)Lorg/eclipse/jdt/internal/compiler/ast/CompilationUnitDeclaration;+178
j  org.eclipse.jdt.internal.compiler.parser.Parser.parse(Lorg/eclipse/jdt/internal/compiler/env/ICompilationUnit;Lorg/eclipse/jdt/internal/compiler/CompilationResult;)Lorg/eclipse/jdt/internal/compiler/ast/CompilationUnitDeclaration;+5
j  org.eclipse.jdt.internal.compiler.parser.Parser.dietParse(Lorg/eclipse/jdt/internal/compiler/env/ICompilationUnit;Lorg/eclipse/jdt/internal/compiler/CompilationResult;)Lorg/eclipse/jdt/internal/compiler/ast/CompilationUnitDeclaration;+25
j  org.eclipse.jdt.core.dom.CompilationUnitResolver.parse(Lorg/eclipse/jdt/internal/compiler/env/ICompilationUnit;Lorg/eclipse/jdt/core/dom/NodeSearcher;Ljava/util/Map;I)Lorg/eclipse/jdt/internal/compiler/ast/CompilationUnitDeclaration;+117
j  org.eclipse.jdt.core.dom.ASTParser.internalCreateAST(Lorg/eclipse/core/runtime/IProgressMonitor;)Lorg/eclipse/jdt/core/dom/ASTNode;+982
j  org.eclipse.jdt.core.dom.ASTParser.createAST(Lorg/eclipse/core/runtime/IProgressMonitor;)Lorg/eclipse/jdt/core/dom/ASTNode;+39
j  org.eclipse.jdt.ls.core.internal.JDTUtils.getPackageName(Lorg/eclipse/jdt/core/IJavaProject;Ljava/lang/String;)Ljava/lang/String;+37
j  org.eclipse.jdt.ls.core.internal.JDTUtils.getPackageName(Lorg/eclipse/jdt/core/IJavaProject;Ljava/net/URI;)Ljava/lang/String;+194
j  org.eclipse.jdt.ls.core.internal.managers.InvisibleProjectImporter.getPackageName(Lorg/eclipse/core/runtime/IPath;Lorg/eclipse/core/runtime/IPath;Lorg/eclipse/jdt/core/IJavaProject;[[Ljava/lang/String;)Ljava/lang/String;+60
j  org.eclipse.jdt.ls.core.internal.managers.InvisibleProjectImporter.getPackageName(Lorg/eclipse/core/runtime/IPath;Lorg/eclipse/core/runtime/IPath;[[Ljava/lang/String;)Ljava/lang/String;+32
j  org.eclipse.jdt.ls.core.internal.managers.InvisibleProjectImporter.tryResolveSourceDirectory(Lorg/eclipse/core/runtime/IPath;Lorg/eclipse/core/runtime/IPath;[[Ljava/lang/String;)Lorg/eclipse/core/runtime/IPath;+3
j  org.eclipse.jdt.ls.core.internal.syntaxserver.SyntaxDocumentLifeCycleHandler.tryUpdateClasspath(Lorg/eclipse/core/runtime/IPath;Lorg/eclipse/core/runtime/IPath;)Z+51
j  org.eclipse.jdt.ls.core.internal.syntaxserver.SyntaxDocumentLifeCycleHandler.resolveCompilationUnit(Ljava/lang/String;)Lorg/eclipse/jdt/core/ICompilationUnit;+82
j  org.eclipse.jdt.ls.core.internal.handlers.BaseDocumentLifeCycleHandler.handleOpen(Lorg/eclipse/lsp4j/DidOpenTextDocumentParams;)Lorg/eclipse/jdt/core/ICompilationUnit;+10
j  org.eclipse.jdt.ls.core.internal.handlers.BaseDocumentLifeCycleHandler$5.run(Lorg/eclipse/core/runtime/IProgressMonitor;)V+8
j  org.eclipse.core.internal.resources.Workspace.run(Lorg/eclipse/core/runtime/ICoreRunnable;Lorg/eclipse/core/runtime/jobs/ISchedulingRule;ILorg/eclipse/core/runtime/IProgressMonitor;)V+69
j  org.eclipse.core.internal.resources.Workspace.run(Lorg/eclipse/core/resources/IWorkspaceRunnable;Lorg/eclipse/core/runtime/jobs/ISchedulingRule;ILorg/eclipse/core/runtime/IProgressMonitor;)V+6
j  org.eclipse.jdt.ls.core.internal.handlers.BaseDocumentLifeCycleHandler.didOpen(Lorg/eclipse/lsp4j/DidOpenTextDocumentParams;)V+59
j  org.eclipse.jdt.ls.core.internal.syntaxserver.SyntaxLanguageServer.didOpen(Lorg/eclipse/lsp4j/DidOpenTextDocumentParams;)V+11
v  ~StubRoutines::call_stub
V  [libjvm.dylib+0x3a7512]  JavaCalls::call_helper(JavaValue*, methodHandle const&, JavaCallArguments*, Thread*)+0x21a
V  [libjvm.dylib+0x65d2bf]  invoke(InstanceKlass*, methodHandle const&, Handle, bool, objArrayHandle, BasicType, objArrayHandle, bool, Thread*)+0x4e6
V  [libjvm.dylib+0x65cd8f]  Reflection::invoke_method(oopDesc*, Handle, objArrayHandle, Thread*)+0xf5
V  [libjvm.dylib+0x42e175]  JVM_InvokeMethod+0x20a
j  jdk.internal.reflect.NativeMethodAccessorImpl.invoke0(Ljava/lang/reflect/Method;Ljava/lang/Object;[Ljava/lang/Object;)Ljava/lang/Object;+0 java.base@11.0.1
j  jdk.internal.reflect.NativeMethodAccessorImpl.invoke(Ljava/lang/Object;[Ljava/lang/Object;)Ljava/lang/Object;+100 java.base@11.0.1
J 931 c1 jdk.internal.reflect.DelegatingMethodAccessorImpl.invoke(Ljava/lang/Object;[Ljava/lang/Object;)Ljava/lang/Object; java.base@11.0.1 (10 bytes) @ 0x0000000118a271ec [0x0000000118a270e0+0x000000000000010c]
J 930 c1 java.lang.reflect.Method.invoke(Ljava/lang/Object;[Ljava/lang/Object;)Ljava/lang/Object; java.base@11.0.1 (65 bytes) @ 0x0000000118a263e4 [0x0000000118a260a0+0x0000000000000344]
j  org.eclipse.lsp4j.jsonrpc.services.GenericEndpoint.lambda$null$0(Lorg/eclipse/lsp4j/jsonrpc/services/AnnotationUtil$MethodInfo;Ljava/lang/Object;Ljava/lang/Object;)Ljava/util/concurrent/CompletableFuture;+20
j  org.eclipse.lsp4j.jsonrpc.services.GenericEndpoint$$Lambda$171.apply(Ljava/lang/Object;)Ljava/lang/Object;+13
j  org.eclipse.lsp4j.jsonrpc.services.GenericEndpoint.notify(Ljava/lang/String;Ljava/lang/Object;)V+18
j  org.eclipse.lsp4j.jsonrpc.RemoteEndpoint.handleNotification(Lorg/eclipse/lsp4j/jsonrpc/messages/NotificationMessage;)V+20
j  org.eclipse.lsp4j.jsonrpc.RemoteEndpoint.consume(Lorg/eclipse/lsp4j/jsonrpc/messages/Message;)V+14
j  org.eclipse.jdt.ls.core.internal.ParentProcessWatcher.lambda$0(Lorg/eclipse/lsp4j/jsonrpc/MessageConsumer;Lorg/eclipse/lsp4j/jsonrpc/messages/Message;)V+9
j  org.eclipse.jdt.ls.core.internal.ParentProcessWatcher$$Lambda$167.consume(Lorg/eclipse/lsp4j/jsonrpc/messages/Message;)V+9
j  org.eclipse.lsp4j.jsonrpc.json.StreamMessageProducer.handleMessage(Ljava/io/InputStream;Lorg/eclipse/lsp4j/jsonrpc/json/StreamMessageProducer$Headers;)Z+99
j  org.eclipse.lsp4j.jsonrpc.json.StreamMessageProducer.listen(Lorg/eclipse/lsp4j/jsonrpc/MessageConsumer;)V+158
j  org.eclipse.lsp4j.jsonrpc.json.ConcurrentMessageProcessor.run()V+12
j  java.util.concurrent.Executors$RunnableAdapter.call()Ljava/lang/Object;+4 java.base@11.0.1
j  java.util.concurrent.FutureTask.run()V+39 java.base@11.0.1
j  java.util.concurrent.ThreadPoolExecutor.runWorker(Ljava/util/concurrent/ThreadPoolExecutor$Worker;)V+92 java.base@11.0.1
j  java.util.concurrent.ThreadPoolExecutor$Worker.run()V+5 java.base@11.0.1
j  java.lang.Thread.run()V+11 java.base@11.0.1
v  ~StubRoutines::call_stub
V  [libjvm.dylib+0x3a7512]  JavaCalls::call_helper(JavaValue*, methodHandle const&, JavaCallArguments*, Thread*)+0x21a
V  [libjvm.dylib+0x3a695c]  JavaCalls::call_virtual(JavaValue*, Klass*, Symbol*, Symbol*, JavaCallArguments*, Thread*)+0xee
V  [libjvm.dylib+0x3a6a18]  JavaCalls::call_virtual(JavaValue*, Handle, Klass*, Symbol*, Symbol*, Thread*)+0x62
V  [libjvm.dylib+0x42a620]  thread_entry(JavaThread*, Thread*)+0x78
V  [libjvm.dylib+0x700342]  JavaThread::thread_main_inner()+0x82
V  [libjvm.dylib+0x70018d]  JavaThread::run()+0x1ab
V  [libjvm.dylib+0x600ad3]  thread_native_entry(Thread*)+0x135
C  [libsystem_pthread.dylib+0x68fc]  _pthread_start+0xe0
C  [libsystem_pthread.dylib+0x2443]  thread_start+0xf

Java frames: (J=compiled Java code, j=interpreted, Vv=VM code)
j  org.eclipse.jdt.internal.compiler.parser.Scanner.getNextToken0()I+93
j  org.eclipse.jdt.internal.compiler.parser.Scanner.getNextToken()I+47
j  org.eclipse.jdt.internal.compiler.parser.Parser.fetchNextToken()I+4
j  org.eclipse.jdt.internal.compiler.parser.Parser.parse()V+329
j  org.eclipse.jdt.internal.compiler.parser.Parser.parse(Lorg/eclipse/jdt/internal/compiler/env/ICompilationUnit;Lorg/eclipse/jdt/internal/compiler/CompilationResult;II)Lorg/eclipse/jdt/internal/compiler/ast/CompilationUnitDeclaration;+178
j  org.eclipse.jdt.internal.compiler.parser.Parser.parse(Lorg/eclipse/jdt/internal/compiler/env/ICompilationUnit;Lorg/eclipse/jdt/internal/compiler/CompilationResult;)Lorg/eclipse/jdt/internal/compiler/ast/CompilationUnitDeclaration;+5
j  org.eclipse.jdt.internal.compiler.parser.Parser.dietParse(Lorg/eclipse/jdt/internal/compiler/env/ICompilationUnit;Lorg/eclipse/jdt/internal/compiler/CompilationResult;)Lorg/eclipse/jdt/internal/compiler/ast/CompilationUnitDeclaration;+25
j  org.eclipse.jdt.core.dom.CompilationUnitResolver.parse(Lorg/eclipse/jdt/internal/compiler/env/ICompilationUnit;Lorg/eclipse/jdt/core/dom/NodeSearcher;Ljava/util/Map;I)Lorg/eclipse/jdt/internal/compiler/ast/CompilationUnitDeclaration;+117
j  org.eclipse.jdt.core.dom.ASTParser.internalCreateAST(Lorg/eclipse/core/runtime/IProgressMonitor;)Lorg/eclipse/jdt/core/dom/ASTNode;+982
j  org.eclipse.jdt.core.dom.ASTParser.createAST(Lorg/eclipse/core/runtime/IProgressMonitor;)Lorg/eclipse/jdt/core/dom/ASTNode;+39
j  org.eclipse.jdt.ls.core.internal.JDTUtils.getPackageName(Lorg/eclipse/jdt/core/IJavaProject;Ljava/lang/String;)Ljava/lang/String;+37
j  org.eclipse.jdt.ls.core.internal.JDTUtils.getPackageName(Lorg/eclipse/jdt/core/IJavaProject;Ljava/net/URI;)Ljava/lang/String;+194
j  org.eclipse.jdt.ls.core.internal.managers.InvisibleProjectImporter.getPackageName(Lorg/eclipse/core/runtime/IPath;Lorg/eclipse/core/runtime/IPath;Lorg/eclipse/jdt/core/IJavaProject;[[Ljava/lang/String;)Ljava/lang/String;+60
j  org.eclipse.jdt.ls.core.internal.managers.InvisibleProjectImporter.getPackageName(Lorg/eclipse/core/runtime/IPath;Lorg/eclipse/core/runtime/IPath;[[Ljava/lang/String;)Ljava/lang/String;+32
j  org.eclipse.jdt.ls.core.internal.managers.InvisibleProjectImporter.tryResolveSourceDirectory(Lorg/eclipse/core/runtime/IPath;Lorg/eclipse/core/runtime/IPath;[[Ljava/lang/String;)Lorg/eclipse/core/runtime/IPath;+3
j  org.eclipse.jdt.ls.core.internal.syntaxserver.SyntaxDocumentLifeCycleHandler.tryUpdateClasspath(Lorg/eclipse/core/runtime/IPath;Lorg/eclipse/core/runtime/IPath;)Z+51
j  org.eclipse.jdt.ls.core.internal.syntaxserver.SyntaxDocumentLifeCycleHandler.resolveCompilationUnit(Ljava/lang/String;)Lorg/eclipse/jdt/core/ICompilationUnit;+82
j  org.eclipse.jdt.ls.core.internal.handlers.BaseDocumentLifeCycleHandler.handleOpen(Lorg/eclipse/lsp4j/DidOpenTextDocumentParams;)Lorg/eclipse/jdt/core/ICompilationUnit;+10
j  org.eclipse.jdt.ls.core.internal.handlers.BaseDocumentLifeCycleHandler$5.run(Lorg/eclipse/core/runtime/IProgressMonitor;)V+8
j  org.eclipse.core.internal.resources.Workspace.run(Lorg/eclipse/core/runtime/ICoreRunnable;Lorg/eclipse/core/runtime/jobs/ISchedulingRule;ILorg/eclipse/core/runtime/IProgressMonitor;)V+69
j  org.eclipse.core.internal.resources.Workspace.run(Lorg/eclipse/core/resources/IWorkspaceRunnable;Lorg/eclipse/core/runtime/jobs/ISchedulingRule;ILorg/eclipse/core/runtime/IProgressMonitor;)V+6
j  org.eclipse.jdt.ls.core.internal.handlers.BaseDocumentLifeCycleHandler.didOpen(Lorg/eclipse/lsp4j/DidOpenTextDocumentParams;)V+59
j  org.eclipse.jdt.ls.core.internal.syntaxserver.SyntaxLanguageServer.didOpen(Lorg/eclipse/lsp4j/DidOpenTextDocumentParams;)V+11
v  ~StubRoutines::call_stub
j  jdk.internal.reflect.NativeMethodAccessorImpl.invoke0(Ljava/lang/reflect/Method;Ljava/lang/Object;[Ljava/lang/Object;)Ljava/lang/Object;+0 java.base@11.0.1
j  jdk.internal.reflect.NativeMethodAccessorImpl.invoke(Ljava/lang/Object;[Ljava/lang/Object;)Ljava/lang/Object;+100 java.base@11.0.1
J 931 c1 jdk.internal.reflect.DelegatingMethodAccessorImpl.invoke(Ljava/lang/Object;[Ljava/lang/Object;)Ljava/lang/Object; java.base@11.0.1 (10 bytes) @ 0x0000000118a271ec [0x0000000118a270e0+0x000000000000010c]
J 930 c1 java.lang.reflect.Method.invoke(Ljava/lang/Object;[Ljava/lang/Object;)Ljava/lang/Object; java.base@11.0.1 (65 bytes) @ 0x0000000118a263e4 [0x0000000118a260a0+0x0000000000000344]
j  org.eclipse.lsp4j.jsonrpc.services.GenericEndpoint.lambda$null$0(Lorg/eclipse/lsp4j/jsonrpc/services/AnnotationUtil$MethodInfo;Ljava/lang/Object;Ljava/lang/Object;)Ljava/util/concurrent/CompletableFuture;+20
j  org.eclipse.lsp4j.jsonrpc.services.GenericEndpoint$$Lambda$171.apply(Ljava/lang/Object;)Ljava/lang/Object;+13
j  org.eclipse.lsp4j.jsonrpc.services.GenericEndpoint.notify(Ljava/lang/String;Ljava/lang/Object;)V+18
j  org.eclipse.lsp4j.jsonrpc.RemoteEndpoint.handleNotification(Lorg/eclipse/lsp4j/jsonrpc/messages/NotificationMessage;)V+20
j  org.eclipse.lsp4j.jsonrpc.RemoteEndpoint.consume(Lorg/eclipse/lsp4j/jsonrpc/messages/Message;)V+14
j  org.eclipse.jdt.ls.core.internal.ParentProcessWatcher.lambda$0(Lorg/eclipse/lsp4j/jsonrpc/MessageConsumer;Lorg/eclipse/lsp4j/jsonrpc/messages/Message;)V+9
j  org.eclipse.jdt.ls.core.internal.ParentProcessWatcher$$Lambda$167.consume(Lorg/eclipse/lsp4j/jsonrpc/messages/Message;)V+9
j  org.eclipse.lsp4j.jsonrpc.json.StreamMessageProducer.handleMessage(Ljava/io/InputStream;Lorg/eclipse/lsp4j/jsonrpc/json/StreamMessageProducer$Headers;)Z+99
j  org.eclipse.lsp4j.jsonrpc.json.StreamMessageProducer.listen(Lorg/eclipse/lsp4j/jsonrpc/MessageConsumer;)V+158
j  org.eclipse.lsp4j.jsonrpc.json.ConcurrentMessageProcessor.run()V+12
j  java.util.concurrent.Executors$RunnableAdapter.call()Ljava/lang/Object;+4 java.base@11.0.1
j  java.util.concurrent.FutureTask.run()V+39 java.base@11.0.1
j  java.util.concurrent.ThreadPoolExecutor.runWorker(Ljava/util/concurrent/ThreadPoolExecutor$Worker;)V+92 java.base@11.0.1
j  java.util.concurrent.ThreadPoolExecutor$Worker.run()V+5 java.base@11.0.1
j  java.lang.Thread.run()V+11 java.base@11.0.1
v  ~StubRoutines::call_stub

siginfo: si_signo: 10 (SIGBUS), si_code: 2 (BUS_ADRERR), si_addr: 0x00000007eccabcc4

Register to memory mapping:

RAX=0x000000010459b351: UseCompressedClassPointers+0 in /Library/Java/JavaVirtualMachines/jdk-11.0.1.jdk/Contents/Home/lib/server/libjvm.dylib at 0x0000000103c36000
RBX=0x00007f96a81e0000 is a thread
RCX=0x0 is NULL
RDX=0x00007f96a6abb560 points into unknown readable memory
RSP=0x000070000825c090 is pointing into the stack for thread: 0x00007f96a81e0000
RBP=0x000070000825c140 is pointing into the stack for thread: 0x00007f96a81e0000
RSI=0x00007f96a4e8b4b0 points into unknown readable memory
RDI=0x00007f96a6abb560 points into unknown readable memory
R8 =0x0000000000000100 is an unknown value
R9 =0x00007f96a6ae44d0 points into unknown readable memory
R10=0x00000001287cc670 is pointing into metadata
R11=0x000070000825bfcf is pointing into the stack for thread: 0x00007f96a81e0000
R12=0x000070000825c090 is pointing into the stack for thread: 0x00007f96a81e0000
R13=0x00000007eccabcb8 is an unallocated location in the heap
R14=0x000070000825c0e8 is pointing into the stack for thread: 0x00007f96a81e0000
R15=0x00000000000004c2 is an unknown value


Registers:
RAX=0x000000010459b351, RBX=0x00007f96a81e0000, RCX=0x0000000000000000, RDX=0x00007f96a6abb560
RSP=0x000070000825c090, RBP=0x000070000825c140, RSI=0x00007f96a4e8b4b0, RDI=0x00007f96a6abb560
R8 =0x0000000000000100, R9 =0x00007f96a6ae44d0, R10=0x00000001287cc670, R11=0x000070000825bfcf
R12=0x000070000825c090, R13=0x00000007eccabcb8, R14=0x000070000825c0e8, R15=0x00000000000004c2
RIP=0x0000000103fd6a90, EFLAGS=0x0000000000010202, ERR=0x0000000000000004
  TRAPNO=0x000000000000000e

Top of Stack: (sp=0x000070000825c090)
0x000070000825c090:   0000000104539080 0000005000000000
0x000070000825c0a0:   0000000000000000 0000000000000000
0x000070000825c0b0:   0000000000000000 0000000000000000
0x000070000825c0c0:   0000000000000000 00007f96a4e8b4b0
0x000070000825c0d0:   0000000000000000 0000000000000100
0x000070000825c0e0:   0000000000000000 00007f96a6abb560
0x000070000825c0f0:   00007f96a4e8b4a0 00007f96a4e8b4b0
0x000070000825c100:   00007f96a4e8b888 00000000000003d8
0x000070000825c110:   00007f96a81e0000 00000000000004c2
0x000070000825c120:   0000000000000000 0000000128f5c32d
0x000070000825c130:   000070000825c220 00007f96a81e0000
0x000070000825c140:   000070000825c1a0 00000001183270b9
0x000070000825c150:   0000000118327071 000070000825c158
0x000070000825c160:   0000000128f5c32d 000070000825c220
0x000070000825c170:   0000000128f65e80 0000000000000000
0x000070000825c180:   00000007c0b0def0 0000000128f5d340
0x000070000825c190:   0000000000000000 000070000825c220
0x000070000825c1a0:   000070000825c270 00000001183226c0
0x000070000825c1b0:   0000000000000000 0000000000000000
0x000070000825c1c0:   0000000000000000 0000000000000000
0x000070000825c1d0:   0000000000000000 0000000000000000
0x000070000825c1e0:   0000000000000000 0000000000000000
0x000070000825c1f0:   0000000000000000 0000000000000000
0x000070000825c200:   00000000000004c2 0000000000000000
0x000070000825c210:   0000000000000000 00000000000004c2
0x000070000825c220:   00000007c14e4998 000070000825c228
0x000070000825c230:   0000000128f5c16f 000070000825c288
0x000070000825c240:   0000000128f65e80 0000000000000000
0x000070000825c250:   00000007c0b0def0 0000000128f5c240
0x000070000825c260:   000070000825c220 000070000825c288
0x000070000825c270:   000070000825c2d8 00000001183226c0
0x000070000825c280:   0000000000000000 00000007c14e4998 

Instructions: (pc=0x0000000103fd6a90)
0x0000000103fd6a70:   50 ff ff ff be 00 01 00 00 4c 89 e7 e8 05 94 26
0x0000000103fd6a80:   00 48 8d 05 c9 48 5c 00 31 c9 80 38 00 0f 94 c1
0x0000000103fd6a90:   41 8b 4c 8d 0c 48 8d 35 ba f2 3e 00 31 c0 4c 89
0x0000000103fd6aa0:   e7 44 89 fa e8 0f 8d 26 00 48 8d 05 10 f8 5e 00 


---------------  P R O C E S S  ---------------

Threads class SMR info:
_java_thread_list=0x00007f96a68e2c90, length=24, elements={
0x00007f96a7808800, 0x00007f96a600c800, 0x00007f96a6011800, 0x00007f96a782b800,
0x00007f96a782c800, 0x00007f96a7834000, 0x00007f96a5823000, 0x00007f96a607b800,
0x00007f96a60a6800, 0x00007f96a60c7800, 0x00007f96a60c2800, 0x00007f96a7105800,
0x00007f96a60e4800, 0x00007f96a7106800, 0x00007f96a81cf000, 0x00007f96a6170800,
0x00007f96a5212000, 0x00007f96ad81a000, 0x00007f96a7a79800, 0x00007f96a5210800,
0x00007f96a81b3800, 0x00007f96a81e0000, 0x00007f96a8210800, 0x00007f96ab839800
}

Java Threads: ( => current thread )
  0x00007f96a7808800 JavaThread "main" [_thread_blocked, id=9987, stack(0x0000700006154000,0x0000700006254000)]
  0x00007f96a600c800 JavaThread "Reference Handler" daemon [_thread_blocked, id=12291, stack(0x000070000645d000,0x000070000655d000)]
  0x00007f96a6011800 JavaThread "Finalizer" daemon [_thread_blocked, id=20739, stack(0x0000700006560000,0x0000700006660000)]
  0x00007f96a782b800 JavaThread "Signal Dispatcher" daemon [_thread_blocked, id=18947, stack(0x0000700006769000,0x0000700006869000)]
  0x00007f96a782c800 JavaThread "C2 CompilerThread0" daemon [_thread_blocked, id=14339, stack(0x000070000686c000,0x000070000696c000)]
  0x00007f96a7834000 JavaThread "C1 CompilerThread0" daemon [_thread_blocked, id=14851, stack(0x000070000696f000,0x0000700006a6f000)]
  0x00007f96a5823000 JavaThread "Sweeper thread" daemon [_thread_blocked, id=15363, stack(0x0000700006a72000,0x0000700006b72000)]
  0x00007f96a607b800 JavaThread "Common-Cleaner" daemon [_thread_blocked, id=17667, stack(0x0000700006b75000,0x0000700006c75000)]
  0x00007f96a60a6800 JavaThread "Service Thread" daemon [_thread_blocked, id=16643, stack(0x0000700006d7b000,0x0000700006e7b000)]
  0x00007f96a60c7800 JavaThread "process reaper" daemon [_thread_blocked, id=42755, stack(0x0000700006f81000,0x0000700006fa5000)]
  0x00007f96a60c2800 JavaThread "Active Thread: Equinox Container: ed3a97d7-1b9d-43b4-a6e7-78d1cf488d3c" [_thread_blocked, id=22279, stack(0x0000700006fa8000,0x00007000070a8000)]
  0x00007f96a7105800 JavaThread "Framework Event Dispatcher: Equinox Container: ed3a97d7-1b9d-43b4-a6e7-78d1cf488d3c" daemon [_thread_blocked, id=41731, stack(0x00007000070ab000,0x00007000071ab000)]
  0x00007f96a60e4800 JavaThread "Start Level: Equinox Container: ed3a97d7-1b9d-43b4-a6e7-78d1cf488d3c" daemon [_thread_blocked, id=40963, stack(0x00007000071ae000,0x00007000072ae000)]
  0x00007f96a7106800 JavaThread "SCR Component Actor" daemon [_thread_blocked, id=26639, stack(0x00007000072b1000,0x00007000073b1000)]
  0x00007f96a81cf000 JavaThread "Timer-0" daemon [_thread_blocked, id=31899, stack(0x0000700007740000,0x0000700007840000)]
  0x00007f96a6170800 JavaThread "Worker-JM" [_thread_blocked, id=86787, stack(0x0000700007843000,0x0000700007943000)]
  0x00007f96a5212000 JavaThread "Worker-0" [_thread_blocked, id=44291, stack(0x0000700007946000,0x0000700007a46000)]
  0x00007f96ad81a000 JavaThread "Worker-1" [_thread_blocked, id=45571, stack(0x0000700007d52000,0x0000700007e52000)]
  0x00007f96a7a79800 JavaThread "C2 CompilerThread1" daemon [_thread_blocked, id=46599, stack(0x0000700007e55000,0x0000700007f55000)]
  0x00007f96a5210800 JavaThread "C2 CompilerThread2" daemon [_thread_blocked, id=47107, stack(0x0000700007f58000,0x0000700008058000)]
  0x00007f96a81b3800 JavaThread "pool-2-thread-1" [_thread_blocked, id=47363, stack(0x000070000805b000,0x000070000815b000)]
=>0x00007f96a81e0000 JavaThread "pool-1-thread-1" [_thread_in_vm, id=48131, stack(0x000070000815e000,0x000070000825e000)]
  0x00007f96a8210800 JavaThread "Worker-2" [_thread_blocked, id=49671, stack(0x0000700008467000,0x0000700008567000)]
  0x00007f96ab839800 JavaThread "Worker-3" [_thread_blocked, id=82183, stack(0x000070000856a000,0x000070000866a000)]

Other Threads:
  0x00007f96a782e000 VMThread "VM Thread" [stack: 0x000070000635a000,0x000070000645a000] [id=11523]
  0x00007f96a60a7800 WatcherThread [stack: 0x0000700006e7e000,0x0000700006f7e000] [id=21763]
  0x00007f96a580c800 GCTaskThread "ParGC Thread#0" [stack: 0x0000700006257000,0x0000700006357000] [id=11267]
  0x00007f96a880e800 GCTaskThread "ParGC Thread#1" [stack: 0x0000700007437000,0x0000700007537000] [id=34051]
  0x00007f96ac810800 GCTaskThread "ParGC Thread#2" [stack: 0x000070000753a000,0x000070000763a000] [id=28675]
  0x00007f96ad069000 GCTaskThread "ParGC Thread#3" [stack: 0x000070000763d000,0x000070000773d000] [id=29187]
  0x00007f96a81b4000 GCTaskThread "ParGC Thread#4" [stack: 0x0000700006c78000,0x0000700006d78000] [id=17163]
  0x00007f96a51f8800 GCTaskThread "ParGC Thread#5" [stack: 0x0000700007a49000,0x0000700007b49000] [id=17419]
  0x00007f96a81d9000 GCTaskThread "ParGC Thread#6" [stack: 0x0000700007b4c000,0x0000700007c4c000] [id=85763]
  0x00007f96a81d9800 GCTaskThread "ParGC Thread#7" [stack: 0x0000700007c4f000,0x0000700007d4f000] [id=44803]
  0x00007f96a5230000 GCTaskThread "ParGC Thread#8" [stack: 0x0000700008261000,0x0000700008361000] [id=48387]
  0x00007f96a5231000 GCTaskThread "ParGC Thread#9" [stack: 0x0000700008364000,0x0000700008464000] [id=48899]

Threads with active compile tasks:

VM state:not at safepoint (normal execution)

VM Mutex/Monitor currently owned by a thread: None

Heap address: 0x00000007c0000000, size: 1024 MB, Compressed Oops mode: Zero based, Oop shift amount: 3
Narrow klass base: 0x0000000800000000, Narrow klass shift: 0
Compressed class space size: 1073741824 Address: 0x0000000800000000

Heap:
 PSYoungGen      total 24064K, used 0K [0x00000007eab00000, 0x00000007ecb00000, 0x0000000800000000)
  eden space 22528K, 0% used [0x00000007eab00000,0x00000007eab00000,0x00000007ec100000)
  from space 1536K, 0% used [0x00000007ec480000,0x00000007ec480000,0x00000007ec600000)
  to   space 3072K, 0% used [0x00000007ec800000,0x00000007ec800000,0x00000007ecb00000)
 ParOldGen       total 68608K, used 21977K [0x00000007c0000000, 0x00000007c4300000, 0x00000007eab00000)
  object space 68608K, 32% used [0x00000007c0000000,0x00000007c1576700,0x00000007c4300000)
 Metaspace       used 33181K, capacity 35187K, committed 35416K, reserved 1081344K
  class space    used 3157K, capacity 3872K, committed 3928K, reserved 1048576K

Card table byte_map: [0x0000000104c29000,0x0000000104e2a000] _byte_map_base: 0x0000000100e29000

Marking Bits: (ParMarkBitMap*) 0x00000001045ad5c0
 Begin Bits: [0x0000000104f80000, 0x0000000105f80000)
 End Bits:   [0x0000000105f80000, 0x0000000106f80000)

Polling page: 0x00000001049ee000

Metaspace:

Usage:
  Non-class:     30.58 MB capacity,    29.32 MB ( 96%) used,     1.19 MB (  4%) free+waste,    74.50 KB ( <1%) overhead. 
      Class:      3.78 MB capacity,     3.08 MB ( 82%) used,   677.90 KB ( 18%) free+waste,    36.38 KB ( <1%) overhead. 
       Both:     34.36 MB capacity,    32.40 MB ( 94%) used,     1.85 MB (  5%) free+waste,   110.88 KB ( <1%) overhead. 

Virtual space:
  Non-class space:       32.00 MB reserved,      30.75 MB ( 96%) committed 
      Class space:        1.00 GB reserved,       3.84 MB ( <1%) committed 
             Both:        1.03 GB reserved,      34.59 MB (  3%) committed 

Chunk freelists:
   Non-Class:  15.62 KB
       Class:  0 bytes
        Both:  15.62 KB

CodeHeap 'non-profiled nmethods': size=120032Kb used=1354Kb max_used=1354Kb free=118678Kb
 bounds [0x000000011fde1000, 0x0000000120051000, 0x0000000127319000]
CodeHeap 'profiled nmethods': size=120028Kb used=6289Kb max_used=6289Kb free=113738Kb
 bounds [0x00000001188aa000, 0x0000000118eda000, 0x000000011fde1000]
CodeHeap 'non-nmethods': size=5700Kb used=1187Kb max_used=1214Kb free=4512Kb
 bounds [0x0000000118319000, 0x0000000118589000, 0x00000001188aa000]
 total_blobs=4560 nmethods=3041 adapters=460
 compilation: enabled
              stopped_count=0, restarted_count=0
 full_count=0

Compilation events (10 events):
Event: 3.551 Thread 0x00007f96a7834000 3270       3       org.eclipse.jdt.internal.compiler.problem.DefaultProblemFactory::keyFromID (4 bytes)
Event: 3.551 Thread 0x00007f96a7834000 nmethod 3270 0x0000000118ec3a10 code [0x0000000118ec3bc0, 0x0000000118ec3cf0]
Event: 3.551 Thread 0x00007f96a7834000 3265       3       java.util.PropertyResourceBundle::handleGetObject (23 bytes)
Event: 3.551 Thread 0x00007f96a7834000 nmethod 3265 0x0000000118ec3d90 code [0x0000000118ec3f60, 0x0000000118ec4298]
Event: 3.551 Thread 0x00007f96a7834000 3264       3       java.util.ResourceBundle::getString (9 bytes)
Event: 3.551 Thread 0x00007f96a7834000 nmethod 3264 0x0000000118ec4390 code [0x0000000118ec4560, 0x0000000118ec47e8]
Event: 3.551 Thread 0x00007f96a7834000 3268       3       sun.util.ResourceBundleEnumeration::nextElement (5 bytes)
Event: 3.551 Thread 0x00007f96a7834000 nmethod 3268 0x0000000118ec4890 code [0x0000000118ec4a60, 0x0000000118ec4d38]
Event: 3.560 Thread 0x00007f96a5210800 nmethod 2986 0x000000011ff30410 code [0x000000011ff30700, 0x000000011ff323b0]
Event: 3.639 Thread 0x00007f96a7834000 3271       3       org.eclipse.jdt.internal.compiler.parser.Scanner::internalScanIdentifierOrKeyword (4733 bytes)

GC Heap History (10 events):
Event: 3.209 GC heap before
{Heap before GC invocations=9 (full 1):
 PSYoungGen      total 30720K, used 30716K [0x00000007eab00000, 0x00000007ed480000, 0x0000000800000000)
  eden space 24064K, 100% used [0x00000007eab00000,0x00000007ec280000,0x00000007ec280000)
  from space 6656K, 99% used [0x00000007ec380000,0x00000007ec9ff048,0x00000007eca00000)
  to   space 9216K, 0% used [0x00000007ecb80000,0x00000007ecb80000,0x00000007ed480000)
 ParOldGen       total 68608K, used 10532K [0x00000007c0000000, 0x00000007c4300000, 0x00000007eab00000)
  object space 68608K, 15% used [0x00000007c0000000,0x00000007c0a49280,0x00000007c4300000)
 Metaspace       used 30967K, capacity 32896K, committed 33152K, reserved 1079296K
  class space    used 3003K, capacity 3658K, committed 3712K, reserved 1048576K
}
Event: 3.215 GC heap after
{Heap after GC invocations=9 (full 1):
 PSYoungGen      total 31232K, used 7168K [0x00000007eab00000, 0x00000007ed300000, 0x0000000800000000)
  eden space 23552K, 0% used [0x00000007eab00000,0x00000007eab00000,0x00000007ec200000)
  from space 7680K, 93% used [0x00000007ecb80000,0x00000007ed280020,0x00000007ed300000)
  to   space 7680K, 0% used [0x00000007ec400000,0x00000007ec400000,0x00000007ecb80000)
 ParOldGen       total 68608K, used 12407K [0x00000007c0000000, 0x00000007c4300000, 0x00000007eab00000)
  object space 68608K, 18% used [0x00000007c0000000,0x00000007c0c1dd60,0x00000007c4300000)
 Metaspace       used 30967K, capacity 32896K, committed 33152K, reserved 1079296K
  class space    used 3003K, capacity 3658K, committed 3712K, reserved 1048576K
}
Event: 3.246 GC heap before
{Heap before GC invocations=10 (full 1):
 PSYoungGen      total 31232K, used 30720K [0x00000007eab00000, 0x00000007ed300000, 0x0000000800000000)
  eden space 23552K, 100% used [0x00000007eab00000,0x00000007ec200000,0x00000007ec200000)
  from space 7680K, 93% used [0x00000007ecb80000,0x00000007ed280020,0x00000007ed300000)
  to   space 7680K, 0% used [0x00000007ec400000,0x00000007ec400000,0x00000007ecb80000)
 ParOldGen       total 68608K, used 12407K [0x00000007c0000000, 0x00000007c4300000, 0x00000007eab00000)
  object space 68608K, 18% used [0x00000007c0000000,0x00000007c0c1dd60,0x00000007c4300000)
 Metaspace       used 30967K, capacity 32896K, committed 33152K, reserved 1079296K
  class space    used 3003K, capacity 3658K, committed 3712K, reserved 1048576K
}
Event: 3.249 GC heap after
{Heap after GC invocations=10 (full 1):
 PSYoungGen      total 29696K, used 6336K [0x00000007eab00000, 0x00000007ecf80000, 0x0000000800000000)
  eden space 23040K, 0% used [0x00000007eab00000,0x00000007eab00000,0x00000007ec180000)
  from space 6656K, 95% used [0x00000007ec400000,0x00000007eca30020,0x00000007eca80000)
  to   space 5120K, 0% used [0x00000007eca80000,0x00000007eca80000,0x00000007ecf80000)
 ParOldGen       total 68608K, used 15278K [0x00000007c0000000, 0x00000007c4300000, 0x00000007eab00000)
  object space 68608K, 22% used [0x00000007c0000000,0x00000007c0eeba50,0x00000007c4300000)
 Metaspace       used 30967K, capacity 32896K, committed 33152K, reserved 1079296K
  class space    used 3003K, capacity 3658K, committed 3712K, reserved 1048576K
}
Event: 3.456 GC heap before
{Heap before GC invocations=11 (full 1):
 PSYoungGen      total 29696K, used 29376K [0x00000007eab00000, 0x00000007ecf80000, 0x0000000800000000)
  eden space 23040K, 100% used [0x00000007eab00000,0x00000007ec180000,0x00000007ec180000)
  from space 6656K, 95% used [0x00000007ec400000,0x00000007eca30020,0x00000007eca80000)
  to   space 5120K, 0% used [0x00000007eca80000,0x00000007eca80000,0x00000007ecf80000)
 ParOldGen       total 68608K, used 15278K [0x00000007c0000000, 0x00000007c4300000, 0x00000007eab00000)
  object space 68608K, 22% used [0x00000007c0000000,0x00000007c0eeba50,0x00000007c4300000)
 Metaspace       used 31890K, capacity 33939K, committed 34304K, reserved 1079296K
  class space    used 3078K, capacity 3776K, committed 3840K, reserved 1048576K
}
Event: 3.460 GC heap after
{Heap after GC invocations=11 (full 1):
 PSYoungGen      total 27648K, used 4812K [0x00000007eab00000, 0x00000007ecf80000, 0x0000000800000000)
  eden space 22528K, 0% used [0x00000007eab00000,0x00000007eab00000,0x00000007ec100000)
  from space 5120K, 93% used [0x00000007eca80000,0x00000007ecf332b8,0x00000007ecf80000)
  to   space 5632K, 0% used [0x00000007ec480000,0x00000007ec480000,0x00000007eca00000)
 ParOldGen       total 68608K, used 19467K [0x00000007c0000000, 0x00000007c4300000, 0x00000007eab00000)
  object space 68608K, 28% used [0x00000007c0000000,0x00000007c1302dc8,0x00000007c4300000)
 Metaspace       used 31890K, capacity 33939K, committed 34304K, reserved 1079296K
  class space    used 3078K, capacity 3776K, committed 3840K, reserved 1048576K
}
Event: 3.571 GC heap before
{Heap before GC invocations=12 (full 1):
 PSYoungGen      total 27648K, used 16464K [0x00000007eab00000, 0x00000007ecf80000, 0x0000000800000000)
  eden space 22528K, 51% used [0x00000007eab00000,0x00000007eb660f18,0x00000007ec100000)
  from space 5120K, 93% used [0x00000007eca80000,0x00000007ecf332b8,0x00000007ecf80000)
  to   space 5632K, 0% used [0x00000007ec480000,0x00000007ec480000,0x00000007eca00000)
 ParOldGen       total 68608K, used 19467K [0x00000007c0000000, 0x00000007c4300000, 0x00000007eab00000)
  object space 68608K, 28% used [0x00000007c0000000,0x00000007c1302dc8,0x00000007c4300000)
 Metaspace       used 33181K, capacity 35187K, committed 35416K, reserved 1081344K
  class space    used 3157K, capacity 3872K, committed 3928K, reserved 1048576K
}
Event: 3.575 GC heap after
{Heap after GC invocations=12 (full 1):
 PSYoungGen      total 24064K, used 1110K [0x00000007eab00000, 0x00000007ecb00000, 0x0000000800000000)
  eden space 22528K, 0% used [0x00000007eab00000,0x00000007eab00000,0x00000007ec100000)
  from space 1536K, 72% used [0x00000007ec480000,0x00000007ec595ba0,0x00000007ec600000)
  to   space 3072K, 0% used [0x00000007ec800000,0x00000007ec800000,0x00000007ecb00000)
 ParOldGen       total 68608K, used 24212K [0x00000007c0000000, 0x00000007c4300000, 0x00000007eab00000)
  object space 68608K, 35% used [0x00000007c0000000,0x00000007c17a53c8,0x00000007c4300000)
 Metaspace       used 33181K, capacity 35187K, committed 35416K, reserved 1081344K
  class space    used 3157K, capacity 3872K, committed 3928K, reserved 1048576K
}
Event: 3.575 GC heap before
{Heap before GC invocations=13 (full 2):
 PSYoungGen      total 24064K, used 1110K [0x00000007eab00000, 0x00000007ecb00000, 0x0000000800000000)
  eden space 22528K, 0% used [0x00000007eab00000,0x00000007eab00000,0x00000007ec100000)
  from space 1536K, 72% used [0x00000007ec480000,0x00000007ec595ba0,0x00000007ec600000)
  to   space 3072K, 0% used [0x00000007ec800000,0x00000007ec800000,0x00000007ecb00000)
 ParOldGen       total 68608K, used 24212K [0x00000007c0000000, 0x00000007c4300000, 0x00000007eab00000)
  object space 68608K, 35% used [0x00000007c0000000,0x00000007c17a53c8,0x00000007c4300000)
 Metaspace       used 33181K, capacity 35187K, committed 35416K, reserved 1081344K
  class space    used 3157K, capacity 3872K, committed 3928K, reserved 1048576K
}
Event: 3.639 GC heap after
{Heap after GC invocations=13 (full 2):
 PSYoungGen      total 24064K, used 0K [0x00000007eab00000, 0x00000007ecb00000, 0x0000000800000000)
  eden space 22528K, 0% used [0x00000007eab00000,0x00000007eab00000,0x00000007ec100000)
  from space 1536K, 0% used [0x00000007ec480000,0x00000007ec480000,0x00000007ec600000)
  to   space 3072K, 0% used [0x00000007ec800000,0x00000007ec800000,0x00000007ecb00000)
 ParOldGen       total 68608K, used 21977K [0x00000007c0000000, 0x00000007c4300000, 0x00000007eab00000)
  object space 68608K, 32% used [0x00000007c0000000,0x00000007c1576700,0x00000007c4300000)
 Metaspace       used 33181K, capacity 35187K, committed 35416K, reserved 1081344K
  class space    used 3157K, capacity 3872K, committed 3928K, reserved 1048576K
}

Deoptimization events (10 events):
Event: 3.329 Thread 0x00007f96a81e0000 Uncommon trap: reason=predicate action=maybe_recompile pc=0x000000011fe996f8 method=java.lang.PublicMethods$MethodList.filter([Ljava/lang/reflect/Method;Ljava/lang/String;[Ljava/lang/Class;Z)Ljava/lang/PublicMethods$MethodList; @ 21 c2
Event: 3.334 Thread 0x00007f96ad81a000 Uncommon trap: reason=class_check action=maybe_recompile pc=0x000000011fedf118 method=java.util.Spliterators$1Adapter.hasNext()Z @ 12 c2
Event: 3.366 Thread 0x00007f96a81e0000 Uncommon trap: reason=bimorphic_or_optimized_type_check action=maybe_recompile pc=0x000000011feb3f54 method=java.util.stream.Sink$ChainedReference.cancellationRequested()Z @ 4 c2
Event: 3.366 Thread 0x00007f96a81e0000 Uncommon trap: reason=class_check action=maybe_recompile pc=0x000000011febfb00 method=java.util.ArrayList$ArrayListSpliterator.tryAdvance(Ljava/util/function/Consumer;)Z @ 48 c2
Event: 3.366 Thread 0x00007f96a81e0000 Uncommon trap: reason=bimorphic_or_optimized_type_check action=maybe_recompile pc=0x000000011feb3f54 method=java.util.stream.Sink$ChainedReference.cancellationRequested()Z @ 4 c2
Event: 3.374 Thread 0x00007f96a81e0000 Uncommon trap: reason=unstable_if action=reinterpret pc=0x000000011fe50258 method=java.util.WeakHashMap.expungeStaleEntries()V @ 9 c2
Event: 3.427 Thread 0x00007f96a81e0000 Uncommon trap: reason=predicate action=maybe_recompile pc=0x000000011fe821d8 method=java.util.TreeMap.getEntryUsingComparator(Ljava/lang/Object;)Ljava/util/TreeMap$Entry; @ 19 c2
Event: 3.455 Thread 0x00007f96a81e0000 Uncommon trap: reason=profile_predicate action=maybe_recompile pc=0x000000011ff0fae4 method=org.eclipse.jdt.internal.core.util.HashtableOfArrayToObject.getKey([Ljava/lang/Object;I)[Ljava/lang/Object; @ 61 c2
Event: 3.541 Thread 0x00007f96a81e0000 Uncommon trap: reason=unstable_if action=reinterpret pc=0x000000011fe79320 method=java.util.Properties$LineReader.readLine()I @ 445 c2
Event: 3.541 Thread 0x00007f96a81e0000 Uncommon trap: reason=unstable_if action=reinterpret pc=0x000000011fe753fc method=java.util.Properties$LineReader.readLine()I @ 105 c2

Classes redefined (0 events):
No events

Internal exceptions (10 events):
Event: 3.409 Thread 0x00007f96a81e0000 Exception <a 'sun/nio/fs/UnixException'{0x00000007ec02f0a8}> (0x00000007ec02f0a8) thrown at [/scratch/mesos/slaves/83bb4d84-382c-4ead-b585-d8ef0018fefe-S19331/frameworks/1735e8a2-a1db-478c-8104-60c8b0af87dd-0196/executors/452f932d-9761-444d-b125-c42ef0850
Event: 3.410 Thread 0x00007f96a81e0000 Exception <a 'sun/nio/fs/UnixException'{0x00000007ec034910}> (0x00000007ec034910) thrown at [/scratch/mesos/slaves/83bb4d84-382c-4ead-b585-d8ef0018fefe-S19331/frameworks/1735e8a2-a1db-478c-8104-60c8b0af87dd-0196/executors/452f932d-9761-444d-b125-c42ef0850
Event: 3.411 Thread 0x00007f96a81e0000 Exception <a 'sun/nio/fs/UnixException'{0x00000007ec03dad0}> (0x00000007ec03dad0) thrown at [/scratch/mesos/slaves/83bb4d84-382c-4ead-b585-d8ef0018fefe-S19331/frameworks/1735e8a2-a1db-478c-8104-60c8b0af87dd-0196/executors/452f932d-9761-444d-b125-c42ef0850
Event: 3.411 Thread 0x00007f96a81e0000 Exception <a 'sun/nio/fs/UnixException'{0x00000007ec03fb98}> (0x00000007ec03fb98) thrown at [/scratch/mesos/slaves/83bb4d84-382c-4ead-b585-d8ef0018fefe-S19331/frameworks/1735e8a2-a1db-478c-8104-60c8b0af87dd-0196/executors/452f932d-9761-444d-b125-c42ef0850
Event: 3.411 Thread 0x00007f96a81e0000 Exception <a 'sun/nio/fs/UnixException'{0x00000007ec040328}> (0x00000007ec040328) thrown at [/scratch/mesos/slaves/83bb4d84-382c-4ead-b585-d8ef0018fefe-S19331/frameworks/1735e8a2-a1db-478c-8104-60c8b0af87dd-0196/executors/452f932d-9761-444d-b125-c42ef0850
Event: 3.412 Thread 0x00007f96a81e0000 Exception <a 'java/io/FileNotFoundException'{0x00000007ec0479a8}> (0x00000007ec0479a8) thrown at [/scratch/mesos/slaves/83bb4d84-382c-4ead-b585-d8ef0018fefe-S19331/frameworks/1735e8a2-a1db-478c-8104-60c8b0af87dd-0196/executors/452f932d-9761-444d-b125-c42e
Event: 3.418 Thread 0x00007f96a81e0000 Exception <a 'java/io/FileNotFoundException'{0x00000007ec05c0d8}> (0x00000007ec05c0d8) thrown at [/scratch/mesos/slaves/83bb4d84-382c-4ead-b585-d8ef0018fefe-S19331/frameworks/1735e8a2-a1db-478c-8104-60c8b0af87dd-0196/executors/452f932d-9761-444d-b125-c42e
Event: 3.419 Thread 0x00007f96a81e0000 Exception <a 'sun/nio/fs/UnixException'{0x00000007ec0602d0}> (0x00000007ec0602d0) thrown at [/scratch/mesos/slaves/83bb4d84-382c-4ead-b585-d8ef0018fefe-S19331/frameworks/1735e8a2-a1db-478c-8104-60c8b0af87dd-0196/executors/452f932d-9761-444d-b125-c42ef0850
Event: 3.425 Thread 0x00007f96a81e0000 Exception <a 'sun/nio/fs/UnixException'{0x00000007ec07d0f8}> (0x00000007ec07d0f8) thrown at [/scratch/mesos/slaves/83bb4d84-382c-4ead-b585-d8ef0018fefe-S19331/frameworks/1735e8a2-a1db-478c-8104-60c8b0af87dd-0196/executors/452f932d-9761-444d-b125-c42ef0850
Event: 3.428 Thread 0x00007f96a81e0000 Exception <a 'sun/nio/fs/UnixException'{0x00000007ec08fa50}> (0x00000007ec08fa50) thrown at [/scratch/mesos/slaves/83bb4d84-382c-4ead-b585-d8ef0018fefe-S19331/frameworks/1735e8a2-a1db-478c-8104-60c8b0af87dd-0196/executors/452f932d-9761-444d-b125-c42ef0850

Events (10 events):
Event: 3.541 Thread 0x00007f96a81e0000 DEOPT PACKING pc=0x000000011fe753fc sp=0x000070000825bab0
Event: 3.541 Thread 0x00007f96a81e0000 DEOPT UNPACKING pc=0x0000000118341325 sp=0x000070000825ba50 mode 2
Event: 3.548 loading class org/eclipse/jdt/internal/compiler/problem/messages_en
Event: 3.548 loading class org/eclipse/jdt/internal/compiler/problem/messages_en done
Event: 3.548 loading class org/eclipse/jdt/internal/compiler/problem/messages_en_US
Event: 3.548 loading class org/eclipse/jdt/internal/compiler/problem/messages_en_US done
Event: 3.566 Executing VM operation: Deoptimize
Event: 3.567 Executing VM operation: Deoptimize done
Event: 3.571 Executing VM operation: CollectForMetadataAllocation
Event: 3.639 Executing VM operation: CollectForMetadataAllocation done


Dynamic libraries:
0x00007fff34f5d000 	/System/Library/Frameworks/Cocoa.framework/Versions/A/Cocoa
0x00007fff222a7000 	/System/Library/Frameworks/Security.framework/Versions/A/Security
0x00007fff33165000 	/System/Library/Frameworks/ApplicationServices.framework/Versions/A/ApplicationServices
0x00007fff2a529000 	/usr/lib/libz.1.dylib
0x00007fff2a5f1000 	/usr/lib/libSystem.B.dylib
0x00007fff20490000 	/System/Library/Frameworks/CoreFoundation.framework/Versions/A/CoreFoundation
0x00007fff2123f000 	/System/Library/Frameworks/Foundation.framework/Versions/C/Foundation
0x00007fff202b0000 	/usr/lib/libobjc.A.dylib
0x00007fff22cd8000 	/System/Library/Frameworks/AppKit.framework/Versions/C/AppKit
0x00007fff25b9c000 	/System/Library/Frameworks/CoreData.framework/Versions/A/CoreData
0x00007fff23a24000 	/System/Library/PrivateFrameworks/UIFoundation.framework/Versions/A/UIFoundation
0x00007fff2fc1f000 	/System/Library/PrivateFrameworks/RemoteViewServices.framework/Versions/A/RemoteViewServices
0x00007fff28a35000 	/System/Library/PrivateFrameworks/XCTTargetBootstrap.framework/Versions/A/XCTTargetBootstrap
0x00007fff2b71b000 	/usr/lib/libspindump.dylib
0x00007fff23c73000 	/System/Library/Frameworks/UniformTypeIdentifiers.framework/Versions/A/UniformTypeIdentifiers
0x00007fff27239000 	/usr/lib/libapp_launch_measurement.dylib
0x00007fff2723c000 	/System/Library/PrivateFrameworks/CoreAutoLayout.framework/Versions/A/CoreAutoLayout
0x00007fff2839c000 	/System/Library/Frameworks/Metal.framework/Versions/A/Metal
0x00007fff29092000 	/usr/lib/liblangid.dylib
0x00007fff28a39000 	/System/Library/PrivateFrameworks/CoreSVG.framework/Versions/A/CoreSVG
0x00007fff24cb3000 	/System/Library/PrivateFrameworks/SkyLight.framework/Versions/A/SkyLight
0x00007fff25019000 	/System/Library/Frameworks/CoreGraphics.framework/Versions/A/CoreGraphics
0x00007fff30146000 	/System/Library/Frameworks/Accelerate.framework/Versions/A/Accelerate
0x00007fff2b159000 	/System/Library/PrivateFrameworks/IconServices.framework/Versions/A/IconServices
0x00007fff28380000 	/System/Library/Frameworks/IOSurface.framework/Versions/A/IOSurface
0x00007fff26524000 	/usr/lib/libDiagnosticMessagesClient.dylib
0x00007fff28a21000 	/System/Library/PrivateFrameworks/DFRFoundation.framework/Versions/A/DFRFoundation
0x00007fff225ff000 	/usr/lib/libicucore.A.dylib
0x00007fff2cc5e000 	/System/Library/Frameworks/AudioToolbox.framework/Versions/A/AudioToolbox
0x00007fff2bee6000 	/System/Library/PrivateFrameworks/DataDetectorsCore.framework/Versions/A/DataDetectorsCore
0x00007fff24c26000 	/usr/lib/libMobileGestalt.dylib
0x00007fff28725000 	/System/Library/Frameworks/Carbon.framework/Versions/A/Frameworks/HIToolbox.framework/Versions/A/HIToolbox
0x00007fff26c7e000 	/System/Library/Frameworks/QuartzCore.framework/Versions/A/QuartzCore
0x00007fff2fc57000 	/System/Library/Frameworks/Carbon.framework/Versions/A/Frameworks/SpeechRecognition.framework/Versions/A/SpeechRecognition
0x00007fff26f9e000 	/System/Library/PrivateFrameworks/CoreUI.framework/Versions/A/CoreUI
0x00007fff21c15000 	/System/Library/Frameworks/CoreAudio.framework/Versions/A/CoreAudio
0x00007fff2660f000 	/System/Library/Frameworks/DiskArbitration.framework/Versions/A/DiskArbitration
0x00007fff2bae9000 	/System/Library/PrivateFrameworks/MultitouchSupport.framework/Versions/A/MultitouchSupport
0x00007fff2bedd000 	/System/Library/PrivateFrameworks/InternationalSupport.framework/Versions/A/InternationalSupport
0x00007fff24c25000 	/usr/lib/libenergytrace.dylib
0x00007fff22bcf000 	/System/Library/Frameworks/IOKit.framework/Versions/A/IOKit
0x00007fff2ff8a000 	/System/Library/Frameworks/CoreServices.framework/Versions/A/CoreServices
0x00007fff271cb000 	/System/Library/PrivateFrameworks/PerformanceAnalysis.framework/Versions/A/PerformanceAnalysis
0x00007fff6baf7000 	/System/Library/Frameworks/OpenGL.framework/Versions/A/OpenGL
0x00007fff2bf61000 	/System/Library/PrivateFrameworks/UserActivity.framework/Versions/A/UserActivity
0x00007fff256a3000 	/System/Library/Frameworks/ColorSync.framework/Versions/A/ColorSync
0x00007fff28ca0000 	/System/Library/Frameworks/CoreImage.framework/Versions/A/CoreImage
0x00007fff21a2f000 	/System/Library/Frameworks/CoreText.framework/Versions/A/CoreText
0x00007fff28a63000 	/System/Library/Frameworks/ImageIO.framework/Versions/A/ImageIO
0x00007fff2a5f7000 	/System/Library/PrivateFrameworks/SoftLinking.framework/Versions/A/SoftLinking
0x00007fff27284000 	/usr/lib/libxml2.2.dylib
0x00007fff20376000 	/usr/lib/libc++.1.dylib
0x00007fff2a868000 	/usr/lib/libcompression.dylib
0x00007fff2be0f000 	/System/Library/PrivateFrameworks/TextureIO.framework/Versions/A/TextureIO
0x00007fff2ae97000 	/usr/lib/libate.dylib
0x00007fff2a5eb000 	/usr/lib/system/libcache.dylib
0x00007fff2a5a7000 	/usr/lib/system/libcommonCrypto.dylib
0x00007fff2a5d1000 	/usr/lib/system/libcompiler_rt.dylib
0x00007fff2a5c6000 	/usr/lib/system/libcopyfile.dylib
0x00007fff201a0000 	/usr/lib/system/libcorecrypto.dylib
0x00007fff2026b000 	/usr/lib/system/libdispatch.dylib
0x00007fff2041e000 	/usr/lib/system/libdyld.dylib
0x00007fff2a5e2000 	/usr/lib/system/libkeymgr.dylib
0x00007fff2d9f5000 	/usr/lib/system/liblaunch.dylib
0x00007fff2a585000 	/usr/lib/system/libmacho.dylib
0x00007fff29d7d000 	/usr/lib/system/libquarantine.dylib
0x00007fff2a5df000 	/usr/lib/system/libremovefile.dylib
0x00007fff24c83000 	/usr/lib/system/libsystem_asl.dylib
0x00007fff20150000 	/usr/lib/system/libsystem_blocks.dylib
0x00007fff202ed000 	/usr/lib/system/libsystem_c.dylib
0x00007fff2a5d9000 	/usr/lib/system/libsystem_collections.dylib
0x00007fff29083000 	/usr/lib/system/libsystem_configuration.dylib
0x00007fff2836f000 	/usr/lib/system/libsystem_containermanager.dylib
0x00007fff2a328000 	/usr/lib/system/libsystem_coreservices.dylib
0x00007fff2285f000 	/usr/lib/system/libsystem_darwin.dylib
0x00007fff2a5e3000 	/usr/lib/system/libsystem_dnssd.dylib
0x00007fff202ea000 	/usr/lib/system/libsystem_featureflags.dylib
0x00007fff20464000 	/usr/lib/system/libsystem_info.dylib
0x00007fff2a53c000 	/usr/lib/system/libsystem_m.dylib
0x00007fff2023e000 	/usr/lib/system/libsystem_malloc.dylib
0x00007fff24c16000 	/usr/lib/system/libsystem_networkextension.dylib
0x00007fff22c7e000 	/usr/lib/system/libsystem_notify.dylib
0x00007fff2fe8c000 	/usr/lib/system/libsystem_product_info_filter.dylib
0x00007fff29087000 	/usr/lib/system/libsystem_sandbox.dylib
0x00007fff2a5dc000 	/usr/lib/system/libsystem_secinit.dylib
0x00007fff203e2000 	/usr/lib/system/libsystem_kernel.dylib
0x00007fff2045a000 	/usr/lib/system/libsystem_platform.dylib
0x00007fff20412000 	/usr/lib/system/libsystem_pthread.dylib
0x00007fff26360000 	/usr/lib/system/libsystem_symptoms.dylib
0x00007fff20188000 	/usr/lib/system/libsystem_trace.dylib
0x00007fff2a5b3000 	/usr/lib/system/libunwind.dylib
0x00007fff20152000 	/usr/lib/system/libxpc.dylib
0x00007fff203cc000 	/usr/lib/libc++abi.dylib
0x00007fff2a5be000 	/usr/lib/liboah.dylib
0x00007fff2ac7c000 	/usr/lib/liblzma.5.dylib
0x00007fff20f53000 	/System/Library/Frameworks/SystemConfiguration.framework/Versions/A/SystemConfiguration
0x00007fff2a5f3000 	/usr/lib/libfakelink.dylib
0x00007fff24777000 	/System/Library/Frameworks/CFNetwork.framework/Versions/A/CFNetwork
0x00007fff2a733000 	/usr/lib/libarchive.2.dylib
0x00007fff20fd1000 	/usr/lib/libCRFSuite.dylib
0x00007fff29da4000 	/usr/lib/libbsm.0.dylib
0x00007fff240f0000 	/usr/lib/libnetwork.dylib
0x00007fff2a5f8000 	/usr/lib/libpcap.A.dylib
0x00007fff26359000 	/usr/lib/libdns_services.dylib
0x00007fff2ac95000 	/usr/lib/libcoretls_cfhelpers.dylib
0x00007fff2a832000 	/usr/lib/libapple_nghttp2.dylib
0x00007fff2a58b000 	/usr/lib/system/libkxld.dylib
0x00007fff25fd2000 	/usr/lib/libsqlite3.dylib
0x00007fff2a30b000 	/System/Library/PrivateFrameworks/AppleFSCompression.framework/Versions/A/AppleFSCompression
0x00007fff29d8c000 	/usr/lib/libcoretls.dylib
0x00007fff2a863000 	/usr/lib/libpam.2.dylib
0x00007fff2ad93000 	/usr/lib/libxar.1.dylib
0x00007fff2908e000 	/System/Library/PrivateFrameworks/AppleSystemInfo.framework/Versions/A/AppleSystemInfo
0x00007fff299ce000 	/System/Library/PrivateFrameworks/IOMobileFramebuffer.framework/Versions/A/IOMobileFramebuffer
0x00007fff2a31b000 	/usr/lib/libbz2.1.0.dylib
0x00007fff2a630000 	/usr/lib/libiconv.2.dylib
0x00007fff2a584000 	/usr/lib/libcharset.1.dylib
0x00007fff27207000 	/System/Library/Frameworks/CoreServices.framework/Versions/A/Frameworks/FSEvents.framework/Versions/A/FSEvents
0x00007fff22869000 	/System/Library/Frameworks/CoreServices.framework/Versions/A/Frameworks/CarbonCore.framework/Versions/A/CarbonCore
0x00007fff26574000 	/System/Library/Frameworks/CoreServices.framework/Versions/A/Frameworks/Metadata.framework/Versions/A/Metadata
0x00007fff2a32d000 	/System/Library/Frameworks/CoreServices.framework/Versions/A/Frameworks/OSServices.framework/Versions/A/OSServices
0x00007fff2a7a5000 	/System/Library/Frameworks/CoreServices.framework/Versions/A/Frameworks/SearchKit.framework/Versions/A/SearchKit
0x00007fff262e4000 	/System/Library/Frameworks/CoreServices.framework/Versions/A/Frameworks/AE.framework/Versions/A/AE
0x00007fff2092e000 	/System/Library/Frameworks/CoreServices.framework/Versions/A/Frameworks/LaunchServices.framework/Versions/A/LaunchServices
0x00007fff2ac2c000 	/System/Library/Frameworks/CoreServices.framework/Versions/A/Frameworks/DictionaryServices.framework/Versions/A/DictionaryServices
0x00007fff27214000 	/System/Library/Frameworks/CoreServices.framework/Versions/A/Frameworks/SharedFileList.framework/Versions/A/SharedFileList
0x00007fff29d80000 	/usr/lib/libCheckFix.dylib
0x00007fff24c9a000 	/System/Library/PrivateFrameworks/TCC.framework/Versions/A/TCC
0x00007fff29094000 	/System/Library/PrivateFrameworks/CoreNLP.framework/Versions/A/CoreNLP
0x00007fff26527000 	/System/Library/PrivateFrameworks/MetadataUtilities.framework/Versions/A/MetadataUtilities
0x00007fff21006000 	/usr/lib/libmecabra.dylib
0x00007fff2a08a000 	/System/Library/Frameworks/MLCompute.framework/Versions/A/MLCompute
0x00007fff29db5000 	/usr/lib/libmecab.dylib
0x00007fff29dff000 	/usr/lib/libgermantok.dylib
0x00007fff2a80d000 	/usr/lib/libThaiTokenizer.dylib
0x00007fff2adce000 	/usr/lib/libChineseTokenizer.dylib
0x00007fff2a861000 	/System/Library/Frameworks/MetalPerformanceShaders.framework/Versions/A/MetalPerformanceShaders
0x00007fff26616000 	/System/Library/Frameworks/Accelerate.framework/Versions/A/Frameworks/vImage.framework/Versions/A/vImage
0x00007fff2ff64000 	/System/Library/Frameworks/Accelerate.framework/Versions/A/Frameworks/vecLib.framework/Versions/A/vecLib
0x00007fff2add9000 	/System/Library/Frameworks/Accelerate.framework/Versions/A/Frameworks/vecLib.framework/Versions/A/libvMisc.dylib
0x00007fff297e9000 	/System/Library/Frameworks/Accelerate.framework/Versions/A/Frameworks/vecLib.framework/Versions/A/libvDSP.dylib
0x00007fff20c39000 	/System/Library/Frameworks/Accelerate.framework/Versions/A/Frameworks/vecLib.framework/Versions/A/libBLAS.dylib
0x00007fff2a88e000 	/System/Library/Frameworks/Accelerate.framework/Versions/A/Frameworks/vecLib.framework/Versions/A/libLAPACK.dylib
0x00007fff29e05000 	/System/Library/Frameworks/Accelerate.framework/Versions/A/Frameworks/vecLib.framework/Versions/A/libLinearAlgebra.dylib
0x00007fff2a84a000 	/System/Library/Frameworks/Accelerate.framework/Versions/A/Frameworks/vecLib.framework/Versions/A/libSparseBLAS.dylib
0x00007fff2a888000 	/System/Library/Frameworks/Accelerate.framework/Versions/A/Frameworks/vecLib.framework/Versions/A/libQuadrature.dylib
0x00007fff29140000 	/System/Library/Frameworks/Accelerate.framework/Versions/A/Frameworks/vecLib.framework/Versions/A/libBNNS.dylib
0x00007fff20ee4000 	/System/Library/Frameworks/Accelerate.framework/Versions/A/Frameworks/vecLib.framework/Versions/A/libSparse.dylib
0x00007fff2901c000 	/System/Library/Frameworks/MetalPerformanceShaders.framework/Versions/A/Frameworks/MPSCore.framework/Versions/A/MPSCore
0x00007fff2a27a000 	/System/Library/Frameworks/MetalPerformanceShaders.framework/Versions/A/Frameworks/MPSImage.framework/Versions/A/MPSImage
0x00007fff29e1b000 	/System/Library/Frameworks/MetalPerformanceShaders.framework/Versions/A/Frameworks/MPSNeuralNetwork.framework/Versions/A/MPSNeuralNetwork
0x00007fff2a1ec000 	/System/Library/Frameworks/MetalPerformanceShaders.framework/Versions/A/Frameworks/MPSMatrix.framework/Versions/A/MPSMatrix
0x00007fff2a03a000 	/System/Library/Frameworks/MetalPerformanceShaders.framework/Versions/A/Frameworks/MPSRayIntersector.framework/Versions/A/MPSRayIntersector
0x00007fff2a223000 	/System/Library/Frameworks/MetalPerformanceShaders.framework/Versions/A/Frameworks/MPSNDArray.framework/Versions/A/MPSNDArray
0x00007fff20b64000 	/System/Library/PrivateFrameworks/MetalTools.framework/Versions/A/MetalTools
0x00007fff2908c000 	/System/Library/PrivateFrameworks/AggregateDictionary.framework/Versions/A/AggregateDictionary
0x00007fff264f4000 	/System/Library/PrivateFrameworks/CoreAnalytics.framework/Versions/A/CoreAnalytics
0x00007fff2a80f000 	/System/Library/PrivateFrameworks/AppleSauce.framework/Versions/A/AppleSauce
0x00007fff28392000 	/System/Library/PrivateFrameworks/IOAccelerator.framework/Versions/A/IOAccelerator
0x00007fff6baeb000 	/System/Library/Frameworks/OpenGL.framework/Versions/A/Libraries/libCoreFSCache.dylib
0x00007fff2159e000 	/System/Library/PrivateFrameworks/LanguageModeling.framework/Versions/A/LanguageModeling
0x00007fff299bc000 	/System/Library/PrivateFrameworks/CoreEmoji.framework/Versions/A/CoreEmoji
0x00007fff29139000 	/System/Library/PrivateFrameworks/LinguisticData.framework/Versions/A/LinguisticData
0x00007fff20e96000 	/System/Library/PrivateFrameworks/Lexicon.framework/Versions/A/Lexicon
0x00007fff2a721000 	/usr/lib/libcmph.dylib
0x00007fff271e7000 	/System/Library/Frameworks/OpenDirectory.framework/Versions/A/Frameworks/CFOpenDirectory.framework/Versions/A/CFOpenDirectory
0x00007fff271d7000 	/System/Library/Frameworks/OpenDirectory.framework/Versions/A/OpenDirectory
0x00007fff2ac97000 	/System/Library/PrivateFrameworks/APFS.framework/Versions/A/APFS
0x00007fff29ce2000 	/System/Library/Frameworks/SecurityFoundation.framework/Versions/A/SecurityFoundation
0x00007fff2ada1000 	/usr/lib/libutil.dylib
0x00007fff22b94000 	/System/Library/PrivateFrameworks/CoreServicesStore.framework/Versions/A/CoreServicesStore
0x00007fff29d78000 	/System/Library/Frameworks/ServiceManagement.framework/Versions/A/ServiceManagement
0x00007fff2ada5000 	/usr/lib/libxslt.1.dylib
0x00007fff29d6e000 	/System/Library/PrivateFrameworks/BackgroundTaskManagement.framework/Versions/A/BackgroundTaskManagement
0x00007fff2bd59000 	/System/Library/Frameworks/ImageIO.framework/Versions/A/Resources/libRadiance.dylib
0x00007fff2bd63000 	/System/Library/Frameworks/ImageIO.framework/Versions/A/Resources/libJPEG.dylib
0x00007fff2bcb3000 	/System/Library/Frameworks/ImageIO.framework/Versions/A/Resources/libPng.dylib
0x00007fff2bcd4000 	/System/Library/Frameworks/ImageIO.framework/Versions/A/Resources/libTIFF.dylib
0x00007fff2bdb8000 	/System/Library/Frameworks/ImageIO.framework/Versions/A/Resources/libGIF.dylib
0x00007fff2ba05000 	/System/Library/Frameworks/ImageIO.framework/Versions/A/Resources/libJP2.dylib
0x00007fff2b120000 	/usr/lib/libexpat.1.dylib
0x00007fff2b9bb000 	/System/Library/PrivateFrameworks/AppleJPEG.framework/Versions/A/AppleJPEG
0x00007fff285c8000 	/System/Library/PrivateFrameworks/FontServices.framework/libFontParser.dylib
0x00007fff2629b000 	/System/Library/PrivateFrameworks/RunningBoardServices.framework/Versions/A/RunningBoardServices
0x00007fff2bae5000 	/System/Library/PrivateFrameworks/WatchdogClient.framework/Versions/A/WatchdogClient
0x00007fff21687000 	/System/Library/Frameworks/CoreDisplay.framework/Versions/A/CoreDisplay
0x00007fff284dd000 	/System/Library/Frameworks/CoreMedia.framework/Versions/A/CoreMedia
0x00007fff27367000 	/System/Library/Frameworks/CoreVideo.framework/Versions/A/CoreVideo
0x00007fff2bb20000 	/System/Library/Frameworks/VideoToolbox.framework/Versions/A/VideoToolbox
0x00007fff2621b000 	/System/Library/PrivateFrameworks/BaseBoard.framework/Versions/A/BaseBoard
0x00007fff2b265000 	/System/Library/PrivateFrameworks/PersistentConnection.framework/Versions/A/PersistentConnection
0x00007fff25fbc000 	/System/Library/PrivateFrameworks/ProtocolBuffer.framework/Versions/A/ProtocolBuffer
0x00007fff26203000 	/System/Library/PrivateFrameworks/CommonUtilities.framework/Versions/A/CommonUtilities
0x00007fff2b97e000 	/System/Library/PrivateFrameworks/Bom.framework/Versions/A/Bom
0x00007fff2bd51000 	/System/Library/PrivateFrameworks/GPUWrangler.framework/Versions/A/GPUWrangler
0x00007fff2bd34000 	/System/Library/PrivateFrameworks/IOPresentment.framework/Versions/A/IOPresentment
0x00007fff2bd5d000 	/System/Library/PrivateFrameworks/DSExternalDisplay.framework/Versions/A/DSExternalDisplay
0x00007fff2bdbd000 	/System/Library/PrivateFrameworks/CMCaptureCore.framework/Versions/A/CMCaptureCore
0x00007fff2b701000 	/System/Library/PrivateFrameworks/AppServerSupport.framework/Versions/A/AppServerSupport
0x00007fff2d798000 	/System/Library/PrivateFrameworks/perfdata.framework/Versions/A/perfdata
0x00007fff29cd1000 	/System/Library/PrivateFrameworks/AssertionServices.framework/Versions/A/AssertionServices
0x00007fff217be000 	/System/Library/PrivateFrameworks/AudioToolboxCore.framework/Versions/A/AudioToolboxCore
0x00007fff284c0000 	/System/Library/PrivateFrameworks/caulk.framework/Versions/A/caulk
0x00007fff3cc44000 	/System/Library/PrivateFrameworks/SystemPolicy.framework/Versions/A/SystemPolicy
0x00007fff2af2f000 	/usr/lib/libIOReport.dylib
0x00007fff2cfd4000 	/usr/lib/libSMC.dylib
0x00007fff2bc7f000 	/usr/lib/libAudioToolboxUtility.dylib
0x00007fff3d5a1000 	/usr/lib/libmis.dylib
0x00007fff6bb47000 	/System/Library/Frameworks/OpenGL.framework/Versions/A/Libraries/libGLU.dylib
0x00007fff6bb0a000 	/System/Library/Frameworks/OpenGL.framework/Versions/A/Libraries/libGFXShared.dylib
0x00007fff6bd18000 	/System/Library/Frameworks/OpenGL.framework/Versions/A/Libraries/libGL.dylib
0x00007fff6bb13000 	/System/Library/Frameworks/OpenGL.framework/Versions/A/Libraries/libGLImage.dylib
0x00007fff6bb07000 	/System/Library/Frameworks/OpenGL.framework/Versions/A/Libraries/libCVMSPluginSupport.dylib
0x00007fff6baf2000 	/System/Library/Frameworks/OpenGL.framework/Versions/A/Libraries/libCoreVMClient.dylib
0x00007fff6d162000 	/System/Library/Frameworks/OpenCL.framework/Versions/A/OpenCL
0x00007fff2b28e000 	/System/Library/PrivateFrameworks/GraphVisualizer.framework/Versions/A/GraphVisualizer
0x00007fff2b29d000 	/System/Library/PrivateFrameworks/FaceCore.framework/Versions/A/FaceCore
0x00007fff2b6b9000 	/System/Library/PrivateFrameworks/OTSVG.framework/Versions/A/OTSVG
0x00007fff26f5c000 	/System/Library/Frameworks/ApplicationServices.framework/Versions/A/Frameworks/ATS.framework/Versions/A/Resources/libFontRegistry.dylib
0x00007fff2b708000 	/System/Library/PrivateFrameworks/FontServices.framework/libhvf.dylib
0x00007fff2b0cc000 	/System/Library/PrivateFrameworks/AppleVA.framework/Versions/A/AppleVA
0x00007fff2ce1c000 	/System/Library/Frameworks/ApplicationServices.framework/Versions/A/Frameworks/ATS.framework/Versions/A/ATS
0x00007fff2d12f000 	/System/Library/Frameworks/ApplicationServices.framework/Versions/A/Frameworks/ColorSyncLegacy.framework/Versions/A/ColorSyncLegacy
0x00007fff2579a000 	/System/Library/Frameworks/ApplicationServices.framework/Versions/A/Frameworks/HIServices.framework/Versions/A/HIServices
0x00007fff2d114000 	/System/Library/Frameworks/ApplicationServices.framework/Versions/A/Frameworks/LangAnalysis.framework/Versions/A/LangAnalysis
0x00007fff2bdc7000 	/System/Library/Frameworks/ApplicationServices.framework/Versions/A/Frameworks/PrintCore.framework/Versions/A/PrintCore
0x00007fff2d137000 	/System/Library/Frameworks/ApplicationServices.framework/Versions/A/Frameworks/QD.framework/Versions/A/QD
0x00007fff2ce0c000 	/System/Library/Frameworks/ApplicationServices.framework/Versions/A/Frameworks/SpeechSynthesis.framework/Versions/A/SpeechSynthesis
0x00007fff2bd88000 	/System/Library/Frameworks/ApplicationServices.framework/Versions/A/Frameworks/ATSUI.framework/Versions/A/ATSUI
0x00007fff2d0b4000 	/usr/lib/libcups.2.dylib
0x00007fff2d124000 	/System/Library/PrivateFrameworks/NetAuth.framework/Versions/A/NetAuth
0x00007fff2d7b3000 	/System/Library/Frameworks/Kerberos.framework/Versions/A/Kerberos
0x00007fff2d7c3000 	/System/Library/Frameworks/GSS.framework/Versions/A/GSS
0x00007fff2ce89000 	/usr/lib/libresolv.9.dylib
0x00007fff2b71e000 	/System/Library/PrivateFrameworks/Heimdal.framework/Versions/A/Heimdal
0x00007fff3347a000 	/System/Library/Frameworks/Kerberos.framework/Versions/A/Libraries/libHeimdalProxy.dylib
0x00007fff26368000 	/System/Library/Frameworks/Network.framework/Versions/A/Network
0x00007fff2b13a000 	/usr/lib/libheimdal-asn1.dylib
0x00007fff2d814000 	/System/Library/PrivateFrameworks/CommonAuth.framework/Versions/A/CommonAuth
0x00007fff273b5000 	/System/Library/PrivateFrameworks/login.framework/Versions/A/Frameworks/loginsupport.framework/Versions/A/loginsupport
0x00007fff2cd93000 	/System/Library/PrivateFrameworks/AudioSession.framework/Versions/A/AudioSession
0x00007fff2cdf9000 	/usr/lib/libAudioStatistics.dylib
0x00007fff2b1c6000 	/System/Library/PrivateFrameworks/MediaExperience.framework/Versions/A/MediaExperience
0x00007fff2cc2c000 	/System/Library/PrivateFrameworks/AudioSession.framework/libSessionUtility.dylib
0x00007fff2d7a4000 	/usr/lib/libperfcheck.dylib
0x00007fff2d143000 	/System/Library/PrivateFrameworks/AudioResourceArbitration.framework/Versions/A/AudioResourceArbitration
0x00007fff2b144000 	/System/Library/PrivateFrameworks/IconFoundation.framework/Versions/A/IconFoundation
0x00007fff2fc47000 	/System/Library/PrivateFrameworks/SpeechRecognitionCore.framework/Versions/A/SpeechRecognitionCore
0x0000000103c36000 	/Library/Java/JavaVirtualMachines/jdk-11.0.1.jdk/Contents/Home/lib/server/libjvm.dylib
0x00000001049b4000 	/Library/Java/JavaVirtualMachines/jdk-11.0.1.jdk/Contents/Home/lib/libverify.dylib
0x00000001049c0000 	/Library/Java/JavaVirtualMachines/jdk-11.0.1.jdk/Contents/Home/lib/libjava.dylib
0x0000000104a38000 	/Library/Java/JavaVirtualMachines/jdk-11.0.1.jdk/Contents/Home/lib/libzip.dylib
0x0000000104a40000 	/Library/Java/JavaVirtualMachines/jdk-11.0.1.jdk/Contents/Home/lib/libjimage.dylib
0x000000010985e000 	/Library/Java/JavaVirtualMachines/jdk-11.0.1.jdk/Contents/Home/lib/libnio.dylib
0x000000010986c000 	/Library/Java/JavaVirtualMachines/jdk-11.0.1.jdk/Contents/Home/lib/libnet.dylib
0x0000000109a80000 	/Users/varunthiruvadi/Library/Application Support/Code/User/globalStorage/redhat.java/1.1.0/config_ss_mac/org.eclipse.equinox.launcher/org.eclipse.equinox.launcher.cocoa.macosx.x86_64_1.2.400.v20211116-1129/eclipse_11600.so
0x00007fff22b55000 	/System/Library/PrivateFrameworks/CoreServicesInternal.framework/Versions/A/CoreServicesInternal
0x00007fff30fce000 	/System/Library/Frameworks/FileProvider.framework/Versions/A/FileProvider
0x00007fff26186000 	/System/Library/Frameworks/Accounts.framework/Versions/A/Accounts
0x00007fff3111e000 	/System/Library/PrivateFrameworks/GenerationalStorage.framework/Versions/A/GenerationalStorage
0x00007fff31ab8000 	/System/Library/PrivateFrameworks/CoreSymbolication.framework/Versions/A/CoreSymbolication
0x00007fff309ee000 	/System/Library/PrivateFrameworks/SymptomDiagnosticReporter.framework/Versions/A/SymptomDiagnosticReporter
0x00007fff23c86000 	/System/Library/PrivateFrameworks/DesktopServicesPriv.framework/Versions/A/DesktopServicesPriv
0x00007fff22c8a000 	/usr/lib/libsandbox.1.dylib
0x00007fff273e0000 	/System/Library/PrivateFrameworks/UserManagement.framework/Versions/A/UserManagement
0x00007fff29cae000 	/System/Library/PrivateFrameworks/MobileKeyBag.framework/Versions/A/MobileKeyBag
0x00007fff344fd000 	/System/Library/PrivateFrameworks/ChunkingLibrary.framework/Versions/A/ChunkingLibrary
0x00007fff31a7c000 	/System/Library/PrivateFrameworks/DebugSymbols.framework/Versions/A/DebugSymbols
0x00007fff2e1d7000 	/System/Library/PrivateFrameworks/Sharing.framework/Versions/A/Sharing
0x00007fff32a7c000 	/System/Library/PrivateFrameworks/Apple80211.framework/Versions/A/Apple80211
0x00007fff2a35b000 	/System/Library/PrivateFrameworks/AuthKit.framework/Versions/A/AuthKit
0x00007fff29aac000 	/System/Library/PrivateFrameworks/CoreUtils.framework/Versions/A/CoreUtils
0x00007fff299d9000 	/System/Library/Frameworks/CoreWLAN.framework/Versions/A/CoreWLAN
0x00007fff2e323000 	/System/Library/Frameworks/IOBluetooth.framework/Versions/A/IOBluetooth
0x00007fff32ae0000 	/System/Library/PrivateFrameworks/CoreWiFi.framework/Versions/A/CoreWiFi
0x00007fff2d89a000 	/System/Library/PrivateFrameworks/CorePhoneNumbers.framework/Versions/A/CorePhoneNumbers
0x00007fff30af5000 	/System/Library/PrivateFrameworks/DiskManagement.framework/Versions/A/DiskManagement
0x00007fff30a0b000 	/System/Library/PrivateFrameworks/AppleIDAuthSupport.framework/Versions/A/AppleIDAuthSupport
0x00007fff2d87a000 	/System/Library/PrivateFrameworks/KeychainCircle.framework/Versions/A/KeychainCircle
0x00007fff30ac1000 	/System/Library/PrivateFrameworks/MediaKit.framework/Versions/A/MediaKit
0x00007fff30a18000 	/System/Library/Frameworks/DiscRecording.framework/Versions/A/DiscRecording
0x00007fff2b040000 	/usr/lib/libCoreStorage.dylib
0x00007fff32f1b000 	/usr/lib/libcsfde.dylib
0x00007fff2e45e000 	/System/Library/PrivateFrameworks/ProtectedCloudStorage.framework/Versions/A/ProtectedCloudStorage
0x00007fff32f13000 	/System/Library/PrivateFrameworks/EFILogin.framework/Versions/A/EFILogin
0x00007fff3352d000 	/System/Library/Frameworks/AudioUnit.framework/Versions/A/AudioUnit
0x00007fff30988000 	/System/Library/Frameworks/CoreBluetooth.framework/Versions/A/CoreBluetooth
0x00007fff2b038000 	/usr/lib/libMatch.1.dylib
0x00007fff270df000 	/System/Library/PrivateFrameworks/ViewBridge.framework/Versions/A/ViewBridge


VM Arguments:
jvm_args: --add-modules=ALL-SYSTEM --add-opens=java.base/java.util=ALL-UNNAMED --add-opens=java.base/java.lang=ALL-UNNAMED -Declipse.application=org.eclipse.jdt.ls.core.id1 -Dosgi.bundles.defaultStartLevel=4 -Declipse.product=org.eclipse.jdt.ls.core.product -Djava.import.generatesMetadataFilesAtProjectRoot=false -Dfile.encoding=utf8 -XX:+UseParallelGC -XX:GCTimeRatio=4 -XX:AdaptiveSizePolicyWeight=90 -Dsun.zip.disableMemoryMapping=true -Xmx1G -Xms100m -Xverify:none 
java_command: /Users/varunthiruvadi/.vscode/extensions/redhat.java-1.1.0/server/plugins/org.eclipse.equinox.launcher_1.6.400.v20210924-0641.jar -configuration /Users/varunthiruvadi/Library/Application Support/Code/User/globalStorage/redhat.java/1.1.0/config_ss_mac -data /Users/varunthiruvadi/Library/Application Support/Code/User/workspaceStorage/7e7f525230acfd98bd792247d8e13537/redhat.java/ss_ws
java_class_path (initial): /Users/varunthiruvadi/.vscode/extensions/redhat.java-1.1.0/server/plugins/org.eclipse.equinox.launcher_1.6.400.v20210924-0641.jar
Launcher Type: SUN_STANDARD

[Global flags]
    uintx AdaptiveSizePolicyWeight                 = 90                                        {product} {command line}
     bool BytecodeVerificationLocal                = false                                     {product} {command line}
     bool BytecodeVerificationRemote               = false                                     {product} {command line}
     intx CICompilerCount                          = 4                                         {product} {ergonomic}
    uintx GCTimeRatio                              = 4                                         {product} {command line}
   size_t InitialHeapSize                          = 104857600                                 {product} {command line}
   size_t MaxHeapSize                              = 1073741824                                {product} {command line}
   size_t MaxNewSize                               = 357564416                                 {product} {ergonomic}
   size_t MinHeapDeltaBytes                        = 524288                                    {product} {ergonomic}
   size_t NewSize                                  = 34603008                                  {product} {ergonomic}
    uintx NonNMethodCodeHeapSize                   = 5835340                                {pd product} {ergonomic}
    uintx NonProfiledCodeHeapSize                  = 122911450                              {pd product} {ergonomic}
   size_t OldSize                                  = 70254592                                  {product} {ergonomic}
    uintx ProfiledCodeHeapSize                     = 122911450                              {pd product} {ergonomic}
    uintx ReservedCodeCacheSize                    = 251658240                              {pd product} {ergonomic}
     bool SegmentedCodeCache                       = true                                      {product} {ergonomic}
     bool UseCompressedClassPointers               = true                                 {lp64_product} {ergonomic}
     bool UseCompressedOops                        = true                                 {lp64_product} {ergonomic}
     bool UseParallelGC                            = true                                      {product} {command line}

Logging:
Log output configuration:
 #0: stdout all=warning uptime,level,tags
 #1: stderr all=off uptime,level,tags

Environment Variables:
PATH=/Users/varunthiruvadi/opt/anaconda3/bin:/Users/varunthiruvadi/opt/anaconda3/condabin:/usr/local/bin:/usr/bin:/bin:/usr/sbin:/sbin:/Applications/VMware Fusion.app/Contents/Public:/opt/X11/bin:/Library/Apple/usr/bin
SHELL=/bin/zsh
DISPLAY=/private/tmp/com.apple.launchd.hb9PwRSlGD/org.xquartz:0

Signal Handlers:
SIGSEGV: [libjvm.dylib+0x7525b4], sa_mask[0]=11111111011111110111111111111111, sa_flags=SA_ONSTACK|SA_RESTART|SA_SIGINFO
SIGBUS: [libjvm.dylib+0x7525b4], sa_mask[0]=11111111011111110111111111111111, sa_flags=SA_RESTART|SA_SIGINFO
SIGFPE: [libjvm.dylib+0x7525b4], sa_mask[0]=11111111011111110111111111111111, sa_flags=SA_RESTART|SA_SIGINFO
SIGPIPE: [libjvm.dylib+0x602b72], sa_mask[0]=11111111011111110111111111111111, sa_flags=SA_RESTART|SA_SIGINFO
SIGXFSZ: [libjvm.dylib+0x602b72], sa_mask[0]=11111111011111110111111111111111, sa_flags=SA_RESTART|SA_SIGINFO
SIGILL: [libjvm.dylib+0x7525b4], sa_mask[0]=11111111011111110111111111111111, sa_flags=SA_RESTART|SA_SIGINFO
SIGUSR2: [libjvm.dylib+0x603157], sa_mask[0]=00000000000000000000000000000000, sa_flags=SA_RESTART|SA_SIGINFO
SIGHUP: [libjvm.dylib+0x601bb3], sa_mask[0]=11111111011111110111111111111111, sa_flags=SA_RESTART|SA_SIGINFO
SIGINT: [libjvm.dylib+0x601bb3], sa_mask[0]=11111111011111110111111111111111, sa_flags=SA_RESTART|SA_SIGINFO
SIGTERM: [libjvm.dylib+0x601bb3], sa_mask[0]=11111111011111110111111111111111, sa_flags=SA_RESTART|SA_SIGINFO
SIGQUIT: [libjvm.dylib+0x601bb3], sa_mask[0]=11111111011111110111111111111111, sa_flags=SA_RESTART|SA_SIGINFO


---------------  S Y S T E M  ---------------

OS:uname:Darwin 20.6.0 Darwin Kernel Version 20.6.0: Mon Aug 30 06:12:21 PDT 2021; root:xnu-7195.141.6~3/RELEASE_X86_64 x86_64
rlimit: STACK 8192k, CORE 0k, NPROC 2784, NOFILE 10240, AS infinity, DATA infinity, FSIZE infinity
load average:10.46 6.55 6.38

CPU:total 12 (initial active 12) (6 cores per cpu, 2 threads per core) family 6 model 158 stepping 10, cmov, cx8, fxsr, mmx, sse, sse2, sse3, ssse3, sse4.1, sse4.2, popcnt, avx, avx2, aes, clmul, erms, 3dnowpref, lzcnt, ht, tsc, tscinvbit, bmi1, bmi2, adx, fma

Memory: 4k page, physical 16777216k(476804k free)

vm_info: Java HotSpot(TM) 64-Bit Server VM (11.0.1+13-LTS) for bsd-amd64 JRE (11.0.1+13-LTS), built on Oct  6 2018 12:16:08 by "mach5one" with gcc 4.2.1 Compatible Apple LLVM 9.1.0 (clang-902.0.39.2)

END.
